TN:
SF:config\db.js
FN:11,(anonymous_0)
FNF:1
FNH:0
FNDA:0,(anonymous_0)
DA:1,1
DA:3,1
DA:11,1
DA:12,0
DA:13,0
DA:14,0
DA:16,0
DA:17,0
DA:21,1
LF:9
LH:4
BRDA:8,0,0,1
BRDA:8,0,1,1
BRF:2
BRH:2
end_of_record
TN:
SF:src\controllers\paymentController.js
FN:5,(anonymous_0)
FN:70,(anonymous_1)
FN:79,(anonymous_2)
FNF:3
FNH:3
FNDA:3,(anonymous_0)
FNDA:2,(anonymous_1)
FNDA:2,(anonymous_2)
DA:1,1
DA:2,1
DA:3,1
DA:5,1
DA:6,3
DA:7,3
DA:9,3
DA:11,3
DA:15,3
DA:16,0
DA:19,3
DA:20,0
DA:23,3
DA:26,3
DA:27,1
DA:30,1
DA:33,1
DA:39,1
DA:46,2
DA:47,1
DA:50,1
DA:56,1
DA:60,1
DA:63,0
DA:64,0
DA:70,1
DA:71,2
DA:72,1
DA:75,1
DA:76,1
DA:79,2
DA:86,1
DA:88,0
DA:89,0
DA:93,1
LF:35
LH:29
BRDA:15,0,0,0
BRDA:15,0,1,3
BRDA:19,1,0,0
BRDA:19,1,1,3
BRDA:26,2,0,1
BRDA:26,2,1,2
BRDA:46,3,0,1
BRDA:46,3,1,1
BRDA:71,4,0,1
BRDA:71,4,1,1
BRF:10
BRH:8
end_of_record
TN:
SF:src\models\paymentModel.js
FN:3,(anonymous_0)
FN:14,(anonymous_1)
FNF:2
FNH:0
FNDA:0,(anonymous_0)
FNDA:0,(anonymous_1)
DA:1,1
DA:3,1
DA:4,0
DA:9,0
DA:10,0
DA:11,0
DA:14,1
DA:15,0
DA:20,0
DA:21,0
DA:24,1
LF:11
LH:4
BRF:0
BRH:0
end_of_record
